g:\graphicsassignment2\basic_wrapper-master\basic_wrapper\debug\vc120.pdb
g:\graphicsassignment2\basic_wrapper-master\basic_wrapper\debug\vc120.idb
g:\graphicsassignment2\basic_wrapper-master\basic_wrapper\debug\cube.obj
g:\graphicsassignment2\basic_wrapper-master\basic_wrapper\debug\cylinder.obj
g:\graphicsassignment2\basic_wrapper-master\basic_wrapper\debug\lsystem.obj
g:\graphicsassignment2\basic_wrapper-master\basic_wrapper\debug\main.obj
g:\graphicsassignment2\basic_wrapper-master\basic_wrapper\debug\object_ldr.obj
g:\graphicsassignment2\basic_wrapper-master\basic_wrapper\debug\points2.obj
g:\graphicsassignment2\basic_wrapper-master\basic_wrapper\debug\sphere.obj
g:\graphicsassignment2\basic_wrapper-master\basic_wrapper\debug\terrain_object.obj
g:\graphicsassignment2\basic_wrapper-master\basic_wrapper\debug\tetrahedron.obj
g:\graphicsassignment2\basic_wrapper-master\basic_wrapper\debug\wrapper_glfw.obj
g:\graphicsassignment2\basic_wrapper-master\debug\basic_wrapper.ilk
g:\graphicsassignment2\basic_wrapper-master\debug\basic_wrapper.exe
g:\graphicsassignment2\basic_wrapper-master\debug\basic_wrapper.pdb
g:\graphicsassignment2\basic_wrapper-master\basic_wrapper\debug\basic_wrapper.tlog\cl.read.1.tlog
g:\graphicsassignment2\basic_wrapper-master\basic_wrapper\debug\basic_wrapper.tlog\cl.write.1.tlog
g:\graphicsassignment2\basic_wrapper-master\basic_wrapper\debug\basic_wrapper.tlog\cl.command.1.tlog
g:\graphicsassignment2\basic_wrapper-master\basic_wrapper\debug\basic_wrapper.tlog\link.command.1.tlog
g:\graphicsassignment2\basic_wrapper-master\basic_wrapper\debug\basic_wrapper.tlog\link.read.1.tlog
g:\graphicsassignment2\basic_wrapper-master\basic_wrapper\debug\basic_wrapper.tlog\link.write.1.tlog
