  wrapper_glfw.cpp
g:\graphicsassignment2\basic_wrapper-master\basic_wrapper\wrapper_glfw.cpp(236): warning C4101: 'e' : unreferenced local variable
  Tetrahedron.cpp
g:\graphicsassignment2\basic_wrapper-master\basic_wrapper\tetrahedron.cpp(106): warning C4018: '<' : signed/unsigned mismatch
  terrain_object.cpp
g:\graphicsassignment2\basic_wrapper-master\basic_wrapper\terrain_object.cpp(91): warning C4018: '<' : signed/unsigned mismatch
g:\graphicsassignment2\basic_wrapper-master\basic_wrapper\terrain_object.cpp(106): warning C4018: '<' : signed/unsigned mismatch
g:\graphicsassignment2\basic_wrapper-master\basic_wrapper\terrain_object.cpp(111): warning C4018: '<' : signed/unsigned mismatch
g:\graphicsassignment2\basic_wrapper-master\basic_wrapper\terrain_object.cpp(113): warning C4018: '<' : signed/unsigned mismatch
g:\graphicsassignment2\basic_wrapper-master\basic_wrapper\terrain_object.cpp(122): warning C4018: '<' : signed/unsigned mismatch
g:\graphicsassignment2\basic_wrapper-master\basic_wrapper\terrain_object.cpp(165): warning C4018: '<' : signed/unsigned mismatch
  Sphere.cpp
  main.cpp
g:\graphicsassignment2\basic_wrapper-master\basic_wrapper\main.cpp(133): warning C4101: 'e' : unreferenced local variable
  GLM: rotate function taking degrees as a parameter is deprecated. #define GLM_FORCE_RADIANS before including GLM headers to remove this message.
  GLM: perspective function taking degrees as a parameter is deprecated. #define GLM_FORCE_RADIANS before including GLM headers to remove this message.
  Cylinder.cpp
g:\graphicsassignment2\basic_wrapper-master\basic_wrapper\cylinder.cpp(45): warning C4101: 'j' : unreferenced local variable
g:\graphicsassignment2\basic_wrapper-master\basic_wrapper\cylinder.cpp(127): warning C4101: 'j' : unreferenced local variable
g:\graphicsassignment2\basic_wrapper-master\basic_wrapper\cylinder.cpp(199): warning C4101: 'j' : unreferenced local variable
g:\graphicsassignment2\basic_wrapper-master\basic_wrapper\cylinder.cpp(363): warning C4244: '=' : conversion from 'double' to 'GLfloat', possible loss of data
g:\graphicsassignment2\basic_wrapper-master\basic_wrapper\cylinder.cpp(411): warning C4101: 'i' : unreferenced local variable
  Cube.cpp
  Generating Code...
glfw3.lib(context.obj) : warning LNK4099: PDB 'vc120.pdb' was not found with 'glfw3.lib(context.obj)' or at 'G:\GraphicsAssignment2\basic_wrapper-master\Debug\vc120.pdb'; linking object as if no debug info
glfw3.lib(gamma.obj) : warning LNK4099: PDB 'vc120.pdb' was not found with 'glfw3.lib(gamma.obj)' or at 'G:\GraphicsAssignment2\basic_wrapper-master\Debug\vc120.pdb'; linking object as if no debug info
glfw3.lib(init.obj) : warning LNK4099: PDB 'vc120.pdb' was not found with 'glfw3.lib(init.obj)' or at 'G:\GraphicsAssignment2\basic_wrapper-master\Debug\vc120.pdb'; linking object as if no debug info
glfw3.lib(input.obj) : warning LNK4099: PDB 'vc120.pdb' was not found with 'glfw3.lib(input.obj)' or at 'G:\GraphicsAssignment2\basic_wrapper-master\Debug\vc120.pdb'; linking object as if no debug info
glfw3.lib(monitor.obj) : warning LNK4099: PDB 'vc120.pdb' was not found with 'glfw3.lib(monitor.obj)' or at 'G:\GraphicsAssignment2\basic_wrapper-master\Debug\vc120.pdb'; linking object as if no debug info
glfw3.lib(window.obj) : warning LNK4099: PDB 'vc120.pdb' was not found with 'glfw3.lib(window.obj)' or at 'G:\GraphicsAssignment2\basic_wrapper-master\Debug\vc120.pdb'; linking object as if no debug info
glfw3.lib(win32_gamma.obj) : warning LNK4099: PDB 'vc120.pdb' was not found with 'glfw3.lib(win32_gamma.obj)' or at 'G:\GraphicsAssignment2\basic_wrapper-master\Debug\vc120.pdb'; linking object as if no debug info
glfw3.lib(win32_init.obj) : warning LNK4099: PDB 'vc120.pdb' was not found with 'glfw3.lib(win32_init.obj)' or at 'G:\GraphicsAssignment2\basic_wrapper-master\Debug\vc120.pdb'; linking object as if no debug info
glfw3.lib(win32_joystick.obj) : warning LNK4099: PDB 'vc120.pdb' was not found with 'glfw3.lib(win32_joystick.obj)' or at 'G:\GraphicsAssignment2\basic_wrapper-master\Debug\vc120.pdb'; linking object as if no debug info
glfw3.lib(win32_monitor.obj) : warning LNK4099: PDB 'vc120.pdb' was not found with 'glfw3.lib(win32_monitor.obj)' or at 'G:\GraphicsAssignment2\basic_wrapper-master\Debug\vc120.pdb'; linking object as if no debug info
glfw3.lib(win32_time.obj) : warning LNK4099: PDB 'vc120.pdb' was not found with 'glfw3.lib(win32_time.obj)' or at 'G:\GraphicsAssignment2\basic_wrapper-master\Debug\vc120.pdb'; linking object as if no debug info
glfw3.lib(win32_window.obj) : warning LNK4099: PDB 'vc120.pdb' was not found with 'glfw3.lib(win32_window.obj)' or at 'G:\GraphicsAssignment2\basic_wrapper-master\Debug\vc120.pdb'; linking object as if no debug info
glfw3.lib(wgl_context.obj) : warning LNK4099: PDB 'vc120.pdb' was not found with 'glfw3.lib(wgl_context.obj)' or at 'G:\GraphicsAssignment2\basic_wrapper-master\Debug\vc120.pdb'; linking object as if no debug info
glloadD.lib(gl_load.obj) : warning LNK4099: PDB 'vc120.pdb' was not found with 'glloadD.lib(gl_load.obj)' or at 'G:\GraphicsAssignment2\basic_wrapper-master\Debug\vc120.pdb'; linking object as if no debug info
glloadD.lib(gl_load_cpp.obj) : warning LNK4099: PDB 'vc120.pdb' was not found with 'glloadD.lib(gl_load_cpp.obj)' or at 'G:\GraphicsAssignment2\basic_wrapper-master\Debug\vc120.pdb'; linking object as if no debug info
soil.lib(image_DXT.obj) : warning LNK4099: PDB 'vc120.pdb' was not found with 'soil.lib(image_DXT.obj)' or at 'G:\GraphicsAssignment2\basic_wrapper-master\Debug\vc120.pdb'; linking object as if no debug info
soil.lib(image_helper.obj) : warning LNK4099: PDB 'vc120.pdb' was not found with 'soil.lib(image_helper.obj)' or at 'G:\GraphicsAssignment2\basic_wrapper-master\Debug\vc120.pdb'; linking object as if no debug info
soil.lib(SOIL.obj) : warning LNK4099: PDB 'vc120.pdb' was not found with 'soil.lib(SOIL.obj)' or at 'G:\GraphicsAssignment2\basic_wrapper-master\Debug\vc120.pdb'; linking object as if no debug info
soil.lib(stb_image_aug.obj) : warning LNK4099: PDB 'vc120.pdb' was not found with 'soil.lib(stb_image_aug.obj)' or at 'G:\GraphicsAssignment2\basic_wrapper-master\Debug\vc120.pdb'; linking object as if no debug info
  basic_wrapper.vcxproj -> G:\GraphicsAssignment2\basic_wrapper-master\Debug\basic_wrapper.exe
