  Cube.cpp
g:\graphicsassignment2\basic_wrapper-master\basic_wrapper\wrapper_glfw.h(11): fatal error C1083: Cannot open include file: 'glload/gl_4_0.h': No such file or directory
  Cylinder.cpp
g:\graphicsassignment2\basic_wrapper-master\basic_wrapper\wrapper_glfw.h(11): fatal error C1083: Cannot open include file: 'glload/gl_4_0.h': No such file or directory
  LSystem.cpp
g:\graphicsassignment2\basic_wrapper-master\basic_wrapper\wrapper_glfw.h(11): fatal error C1083: Cannot open include file: 'glload/gl_4_0.h': No such file or directory
  main.cpp
g:\graphicsassignment2\basic_wrapper-master\basic_wrapper\wrapper_glfw.h(11): fatal error C1083: Cannot open include file: 'glload/gl_4_0.h': No such file or directory
  object_ldr.cpp
g:\graphicsassignment2\basic_wrapper-master\basic_wrapper\wrapper_glfw.h(11): fatal error C1083: Cannot open include file: 'glload/gl_4_0.h': No such file or directory
  points2.cpp
g:\graphicsassignment2\basic_wrapper-master\basic_wrapper\points2.h(3): fatal error C1083: Cannot open include file: 'glm/glm.hpp': No such file or directory
  Sphere.cpp
g:\graphicsassignment2\basic_wrapper-master\basic_wrapper\wrapper_glfw.h(11): fatal error C1083: Cannot open include file: 'glload/gl_4_0.h': No such file or directory
  terrain_object.cpp
g:\graphicsassignment2\basic_wrapper-master\basic_wrapper\wrapper_glfw.h(11): fatal error C1083: Cannot open include file: 'glload/gl_4_0.h': No such file or directory
  Tetrahedron.cpp
g:\graphicsassignment2\basic_wrapper-master\basic_wrapper\wrapper_glfw.h(11): fatal error C1083: Cannot open include file: 'glload/gl_4_0.h': No such file or directory
  wrapper_glfw.cpp
g:\graphicsassignment2\basic_wrapper-master\basic_wrapper\wrapper_glfw.h(11): fatal error C1083: Cannot open include file: 'glload/gl_4_0.h': No such file or directory
